Arguments: 
  C:\Program Files\nodejs\node.exe C:\Users\Bangash\AppData\Roaming\npm\node_modules\yarn\bin\yarn.js add express express-validator becryptjs config gravatar jsonwebtoken mongoose request

PATH: 
  C:\Program Files\Git\mingw64\bin;C:\Program Files\Git\usr\bin;C:\Users\Bangash\bin;C:\Windows\system32;C:\Windows;C:\Windows\System32\Wbem;C:\Windows\System32\WindowsPowerShell\v1.0;C:\Windows\System32\OpenSSH;C:\Program Files\Microsoft VS Code\bin;C:\Program Files\nodejs;C:\Program Files (x86)\Brackets\command;C:\MATLAB7\bin\win32;C:\Program Files\Java\jdk-10.0.2\bin;C:\Users\Bangash\AppData\Local\Microsoft\WindowsApps;C:\Users\Bangash\AppData\Roaming\npm;C:\Users\Bangash\AppData\Local\Android\Sdk\platform-tools

Yarn version: 
  1.13.0

Node version: 
  8.11.3

Platform: 
  win32 x64

Trace: 
  Error: https://registry.yarnpkg.com/becryptjs: Not found
      at Request.params.callback [as _callback] (C:\Users\Bangash\AppData\Roaming\npm\node_modules\yarn\lib\cli.js:66255:18)
      at Request.self.callback (C:\Users\Bangash\AppData\Roaming\npm\node_modules\yarn\lib\cli.js:129397:22)
      at emitTwo (events.js:126:13)
      at Request.emit (events.js:214:7)
      at Request.<anonymous> (C:\Users\Bangash\AppData\Roaming\npm\node_modules\yarn\lib\cli.js:130369:10)
      at emitOne (events.js:116:13)
      at Request.emit (events.js:211:7)
      at IncomingMessage.<anonymous> (C:\Users\Bangash\AppData\Roaming\npm\node_modules\yarn\lib\cli.js:130291:12)
      at Object.onceWrapper (events.js:313:30)
      at emitNone (events.js:111:20)

npm manifest: 
  {
    "name": "job_portal",
    "version": "1.0.0",
    "description": "Job portal site built using MERN stack",
    "main": "server.js",
    "author": "Imshaz",
    "license": "MIT"
  }

yarn manifest: 
  No manifest

Lockfile: 
  No lockfile
